<?xml version="1.0" encoding="UTF-8"?>
<!-- Generated by org.testng.reporters.JUnitReportReporter -->
<testsuite hostname="charliechen" name="com.itester.testcase.NewTest" tests="1" failures="0" timestamp="23 Nov 2016 04:24:04 GMT" time="5.196" errors="0">
  <testcase name="f" time="5.196" classname="com.itester.testcase.NewTest"/>
</testsuite> <!-- com.itester.testcase.NewTest -->
